<?xml version="1.0" encoding="UTF-8"?><DDIInstance xmlns="ddi:instance:3_2" isMaintainable="true" scopeOfUniqueness="Agency" xml:lang="en-GB" xmlns:ddi="ddi:logicalproduct:3_2" xmlns:ddi1="ddi:physicaldataproduct_proprietary:3_2" xmlns:g="ddi:group:3_2" xmlns:p="ddi:physicaldataproduct:3_2" xmlns:pi="ddi:physicalinstance:3_2" xmlns:r="ddi:reusable:3_2">
    <r:URN typeOfIdentifier="Canonical">urn:ddi:uk.closer:cb9e9ff7-7b40-4250-914a-6a80cdaade50:1</r:URN>
    <g:ResourcePackage>
        <r:URN typeOfIdentifier="Canonical">urn:ddi:uk.closer:466dac47-9ed3-4e65-a650-cf2700c3d2f2:1</r:URN>
        <r:Purpose>
            <r:Content/>
        </r:Purpose>
        <ddi:LogicalProduct>
            <r:URN typeOfIdentifier="Canonical">urn:ddi:uk.closer:4a9f3974-bda6-4263-b1e8-f3246a61a41b:1</r:URN>
            <ddi:DataRelationship>
                <r:URN typeOfIdentifier="Canonical">urn:ddi:uk.closer:5012d4ff-4689-444c-ae17-f74605a56e17:1</r:URN>
                <ddi:LogicalRecord>
                    <r:URN typeOfIdentifier="Canonical">urn:ddi:uk.closer:93b0bd79-0c2e-494d-a7be-4c312e68f216:1</r:URN>
                    <ddi:LogicalRecordName>
                        <r:String>src/test/resources/test-file-data-types.dta</r:String>
                    </ddi:LogicalRecordName>
                    <ddi:VariablesInRecord>
                        <ddi:VariableUsedReference>
                            <r:URN typeOfIdentifier="Canonical">urn:ddi:uk.closer:a1609e79-5aba-4b14-ae72-656aeccebc75:1</r:URN>
                            <r:TypeOfObject>Variable</r:TypeOfObject>
                        </ddi:VariableUsedReference>
                        <ddi:VariableUsedReference>
                            <r:URN typeOfIdentifier="Canonical">urn:ddi:uk.closer:a73e4e1b-c15d-4925-8f0e-bd4450f0c996:1</r:URN>
                            <r:TypeOfObject>Variable</r:TypeOfObject>
                        </ddi:VariableUsedReference>
                        <ddi:VariableUsedReference>
                            <r:URN typeOfIdentifier="Canonical">urn:ddi:uk.closer:fd8847f5-e4c0-40cf-9cd7-442e02988cec:1</r:URN>
                            <r:TypeOfObject>Variable</r:TypeOfObject>
                        </ddi:VariableUsedReference>
                        <ddi:VariableUsedReference>
                            <r:URN typeOfIdentifier="Canonical">urn:ddi:uk.closer:021fff14-3572-4656-96d4-c00c09b9bf49:1</r:URN>
                            <r:TypeOfObject>Variable</r:TypeOfObject>
                        </ddi:VariableUsedReference>
                        <ddi:VariableUsedReference>
                            <r:URN typeOfIdentifier="Canonical">urn:ddi:uk.closer:0dbee9f4-fb34-497a-ba72-a3178916873f:1</r:URN>
                            <r:TypeOfObject>Variable</r:TypeOfObject>
                        </ddi:VariableUsedReference>
                        <ddi:VariableUsedReference>
                            <r:URN typeOfIdentifier="Canonical">urn:ddi:uk.closer:761df991-7296-4fd6-a80b-242c7649d4d8:1</r:URN>
                            <r:TypeOfObject>Variable</r:TypeOfObject>
                        </ddi:VariableUsedReference>
                        <ddi:VariableUsedReference>
                            <r:URN typeOfIdentifier="Canonical">urn:ddi:uk.closer:2a27b19b-ab8f-42db-90a0-2bc24b3e3354:1</r:URN>
                            <r:TypeOfObject>Variable</r:TypeOfObject>
                        </ddi:VariableUsedReference>
                        <ddi:VariableUsedReference>
                            <r:URN typeOfIdentifier="Canonical">urn:ddi:uk.closer:54a8ef4a-6bef-4199-9185-cc16b22548a2:1</r:URN>
                            <r:TypeOfObject>Variable</r:TypeOfObject>
                        </ddi:VariableUsedReference>
                        <ddi:VariableUsedReference>
                            <r:URN typeOfIdentifier="Canonical">urn:ddi:uk.closer:19271aea-353d-4ff5-b556-c97bebcc678f:1</r:URN>
                            <r:TypeOfObject>Variable</r:TypeOfObject>
                        </ddi:VariableUsedReference>
                        <ddi:VariableUsedReference>
                            <r:URN typeOfIdentifier="Canonical">urn:ddi:uk.closer:adcf2611-efca-4972-8d41-d6d75f40e7c2:1</r:URN>
                            <r:TypeOfObject>Variable</r:TypeOfObject>
                        </ddi:VariableUsedReference>
                        <ddi:VariableUsedReference>
                            <r:URN typeOfIdentifier="Canonical">urn:ddi:uk.closer:e5a8427d-f02f-4b70-b8ee-d3c063adbf6d:1</r:URN>
                            <r:TypeOfObject>Variable</r:TypeOfObject>
                        </ddi:VariableUsedReference>
                        <ddi:VariableUsedReference>
                            <r:URN typeOfIdentifier="Canonical">urn:ddi:uk.closer:510d602c-5af0-4637-b68f-18b767d05465:1</r:URN>
                            <r:TypeOfObject>Variable</r:TypeOfObject>
                        </ddi:VariableUsedReference>
                        <ddi:VariableUsedReference>
                            <r:URN typeOfIdentifier="Canonical">urn:ddi:uk.closer:947c2552-73cd-4f87-a63c-2a256fe38b01:1</r:URN>
                            <r:TypeOfObject>Variable</r:TypeOfObject>
                        </ddi:VariableUsedReference>
                        <ddi:VariableUsedReference>
                            <r:URN typeOfIdentifier="Canonical">urn:ddi:uk.closer:7329ae35-602e-4251-b199-2485253fb59d:1</r:URN>
                            <r:TypeOfObject>Variable</r:TypeOfObject>
                        </ddi:VariableUsedReference>
                    </ddi:VariablesInRecord>
                </ddi:LogicalRecord>
            </ddi:DataRelationship>
            <r:CategorySchemeReference>
                <r:URN typeOfIdentifier="Canonical">urn:ddi:uk.closer:24a1a66a-0cd9-4f56-ad49-f1fec646ca89:1</r:URN>
                <r:TypeOfObject>CategoryScheme</r:TypeOfObject>
            </r:CategorySchemeReference>
            <r:CodeListSchemeReference>
                <r:URN typeOfIdentifier="Canonical">urn:ddi:uk.closer:baa6f86d-06d8-4e02-9598-32133ed25097:1</r:URN>
                <r:TypeOfObject>CodeListScheme</r:TypeOfObject>
            </r:CodeListSchemeReference>
            <r:VariableSchemeReference>
                <r:URN typeOfIdentifier="Canonical">urn:ddi:uk.closer:aa6852e5-7c55-4377-9cc2-0eeec5cc8805:1</r:URN>
                <r:TypeOfObject>VariableScheme</r:TypeOfObject>
            </r:VariableSchemeReference>
        </ddi:LogicalProduct>
        <p:PhysicalDataProduct>
            <r:URN typeOfIdentifier="Canonical">urn:ddi:uk.closer:7e99d477-4e79-4b99-9ced-d0c904e16089:1</r:URN>
            <p:PhysicalStructureScheme>
                <r:URN typeOfIdentifier="Canonical">urn:ddi:uk.closer:d3568f88-e18a-4fdf-86c1-b6987e552b2d:1</r:URN>
                <p:PhysicalStructure>
                    <r:URN typeOfIdentifier="Canonical">urn:ddi:uk.closer:5b478857-2c50-47c6-b2b2-37c4bc44de90:1</r:URN>
                    <r:BasedOnObject>
                        <r:BasedOnReference>
                            <r:URN typeOfIdentifier="Canonical">urn:ddi:uk.closer:9ed1fea1-d4a1-4114-9479-469d7c236533:1</r:URN>
                            <r:TypeOfObject>LogicalProduct</r:TypeOfObject>
                        </r:BasedOnReference>
                    </r:BasedOnObject>
                    <p:FileFormat/>
                    <p:GrossRecordStructure>
                        <r:URN typeOfIdentifier="Canonical">urn:ddi:uk.closer:c24995c0-81c7-43b9-9bf3-762674771710:1</r:URN>
                        <p:LogicalRecordReference>
                            <r:URN typeOfIdentifier="Canonical">urn:ddi:uk.closer:d151c27e-5a62-44e7-b7be-25eb131ab822:1</r:URN>
                            <r:TypeOfObject>LogicalProduct</r:TypeOfObject>
                        </p:LogicalRecordReference>
                        <p:PhysicalRecordSegment>
                            <r:Agency>uk.closer</r:Agency>
                            <r:ID>308a6f84-a1ad-43ab-b7aa-6392f3146c8e</r:ID>
                            <r:Version>1</r:Version>
                            <r:URN typeOfIdentifier="Canonical">urn:ddi:uk.closer:308a6f84-a1ad-43ab-b7aa-6392f3146c8e:1</r:URN>
                        </p:PhysicalRecordSegment>
                    </p:GrossRecordStructure>
                </p:PhysicalStructure>
            </p:PhysicalStructureScheme>
            <p:RecordLayoutScheme>
                <r:URN typeOfIdentifier="Canonical">urn:ddi:uk.closer:5746ead2-16cb-4321-9ad8-f871a4e8fd32:1</r:URN>
                <ddi1:RecordLayout>
                    <r:URN typeOfIdentifier="Canonical">urn:ddi:uk.closer:56b4706c-251e-495b-97e8-6fd8dcb37afc:1</r:URN>
                    <p:PhysicalStructureLinkReference>
                        <r:URN typeOfIdentifier="Canonical">urn:ddi:uk.closer:e3748151-4f30-4941-ad29-220239241ae8:1</r:URN>
                        <r:TypeOfObject>PhysicalRecordSegment</r:TypeOfObject>
                        <p:PhysicalRecordSegmentUsed>308a6f84-a1ad-43ab-b7aa-6392f3146c8e</p:PhysicalRecordSegmentUsed>
                    </p:PhysicalStructureLinkReference>
                    <ddi1:SystemSoftware>
                        <r:SoftwareName>
                            <r:String xml:lang="en-GB">SPSS</r:String>
                        </r:SoftwareName>
                        <r:Description>
                            <r:Content/>
                        </r:Description>
                    </ddi1:SystemSoftware>
                    <r:DefaultVariableSchemeReference>
                        <r:URN typeOfIdentifier="Canonical">urn:ddi:uk.closer:aa6852e5-7c55-4377-9cc2-0eeec5cc8805:1</r:URN>
                        <r:TypeOfObject>VariableScheme</r:TypeOfObject>
                    </r:DefaultVariableSchemeReference>
                    <ddi1:DataItem>
                        <r:VariableReference>
                            <r:URN typeOfIdentifier="Canonical">urn:ddi:uk.closer:adcf2611-efca-4972-8d41-d6d75f40e7c2:1</r:URN>
                            <r:TypeOfObject>Variable</r:TypeOfObject>
                        </r:VariableReference>
                        <r:ProprietaryInfo>
                            <r:ProprietaryProperty>
                                <r:AttributeKey>Width</r:AttributeKey>
                                <r:AttributeValue>???</r:AttributeValue>
                            </r:ProprietaryProperty>
                            <r:ProprietaryProperty>
                                <r:AttributeKey>Decimals</r:AttributeKey>
                                <r:AttributeValue>???</r:AttributeValue>
                            </r:ProprietaryProperty>
                            <r:ProprietaryProperty>
                                <r:AttributeKey>WriteFormatType</r:AttributeKey>
                                <r:AttributeValue>???</r:AttributeValue>
                            </r:ProprietaryProperty>
                        </r:ProprietaryInfo>
                    </ddi1:DataItem>
                    <ddi1:DataItem>
                        <r:VariableReference>
                            <r:URN typeOfIdentifier="Canonical">urn:ddi:uk.closer:021fff14-3572-4656-96d4-c00c09b9bf49:1</r:URN>
                            <r:TypeOfObject>Variable</r:TypeOfObject>
                        </r:VariableReference>
                        <r:ProprietaryInfo>
                            <r:ProprietaryProperty>
                                <r:AttributeKey>Width</r:AttributeKey>
                                <r:AttributeValue>???</r:AttributeValue>
                            </r:ProprietaryProperty>
                            <r:ProprietaryProperty>
                                <r:AttributeKey>Decimals</r:AttributeKey>
                                <r:AttributeValue>???</r:AttributeValue>
                            </r:ProprietaryProperty>
                            <r:ProprietaryProperty>
                                <r:AttributeKey>WriteFormatType</r:AttributeKey>
                                <r:AttributeValue>???</r:AttributeValue>
                            </r:ProprietaryProperty>
                        </r:ProprietaryInfo>
                    </ddi1:DataItem>
                    <ddi1:DataItem>
                        <r:VariableReference>
                            <r:URN typeOfIdentifier="Canonical">urn:ddi:uk.closer:a73e4e1b-c15d-4925-8f0e-bd4450f0c996:1</r:URN>
                            <r:TypeOfObject>Variable</r:TypeOfObject>
                        </r:VariableReference>
                        <r:ProprietaryInfo>
                            <r:ProprietaryProperty>
                                <r:AttributeKey>Width</r:AttributeKey>
                                <r:AttributeValue>???</r:AttributeValue>
                            </r:ProprietaryProperty>
                            <r:ProprietaryProperty>
                                <r:AttributeKey>Decimals</r:AttributeKey>
                                <r:AttributeValue>???</r:AttributeValue>
                            </r:ProprietaryProperty>
                            <r:ProprietaryProperty>
                                <r:AttributeKey>WriteFormatType</r:AttributeKey>
                                <r:AttributeValue>???</r:AttributeValue>
                            </r:ProprietaryProperty>
                        </r:ProprietaryInfo>
                    </ddi1:DataItem>
                    <ddi1:DataItem>
                        <r:VariableReference>
                            <r:URN typeOfIdentifier="Canonical">urn:ddi:uk.closer:19271aea-353d-4ff5-b556-c97bebcc678f:1</r:URN>
                            <r:TypeOfObject>Variable</r:TypeOfObject>
                        </r:VariableReference>
                        <r:ProprietaryInfo>
                            <r:ProprietaryProperty>
                                <r:AttributeKey>Width</r:AttributeKey>
                                <r:AttributeValue>???</r:AttributeValue>
                            </r:ProprietaryProperty>
                            <r:ProprietaryProperty>
                                <r:AttributeKey>Decimals</r:AttributeKey>
                                <r:AttributeValue>???</r:AttributeValue>
                            </r:ProprietaryProperty>
                            <r:ProprietaryProperty>
                                <r:AttributeKey>WriteFormatType</r:AttributeKey>
                                <r:AttributeValue>???</r:AttributeValue>
                            </r:ProprietaryProperty>
                        </r:ProprietaryInfo>
                    </ddi1:DataItem>
                    <ddi1:DataItem>
                        <r:VariableReference>
                            <r:URN typeOfIdentifier="Canonical">urn:ddi:uk.closer:fd8847f5-e4c0-40cf-9cd7-442e02988cec:1</r:URN>
                            <r:TypeOfObject>Variable</r:TypeOfObject>
                        </r:VariableReference>
                        <r:ProprietaryInfo>
                            <r:ProprietaryProperty>
                                <r:AttributeKey>Width</r:AttributeKey>
                                <r:AttributeValue>???</r:AttributeValue>
                            </r:ProprietaryProperty>
                            <r:ProprietaryProperty>
                                <r:AttributeKey>Decimals</r:AttributeKey>
                                <r:AttributeValue>???</r:AttributeValue>
                            </r:ProprietaryProperty>
                            <r:ProprietaryProperty>
                                <r:AttributeKey>WriteFormatType</r:AttributeKey>
                                <r:AttributeValue>???</r:AttributeValue>
                            </r:ProprietaryProperty>
                        </r:ProprietaryInfo>
                    </ddi1:DataItem>
                    <ddi1:DataItem>
                        <r:VariableReference>
                            <r:URN typeOfIdentifier="Canonical">urn:ddi:uk.closer:510d602c-5af0-4637-b68f-18b767d05465:1</r:URN>
                            <r:TypeOfObject>Variable</r:TypeOfObject>
                        </r:VariableReference>
                        <r:ProprietaryInfo>
                            <r:ProprietaryProperty>
                                <r:AttributeKey>Width</r:AttributeKey>
                                <r:AttributeValue>???</r:AttributeValue>
                            </r:ProprietaryProperty>
                            <r:ProprietaryProperty>
                                <r:AttributeKey>Decimals</r:AttributeKey>
                                <r:AttributeValue>???</r:AttributeValue>
                            </r:ProprietaryProperty>
                            <r:ProprietaryProperty>
                                <r:AttributeKey>WriteFormatType</r:AttributeKey>
                                <r:AttributeValue>???</r:AttributeValue>
                            </r:ProprietaryProperty>
                        </r:ProprietaryInfo>
                    </ddi1:DataItem>
                    <ddi1:DataItem>
                        <r:VariableReference>
                            <r:URN typeOfIdentifier="Canonical">urn:ddi:uk.closer:0dbee9f4-fb34-497a-ba72-a3178916873f:1</r:URN>
                            <r:TypeOfObject>Variable</r:TypeOfObject>
                        </r:VariableReference>
                        <r:ProprietaryInfo>
                            <r:ProprietaryProperty>
                                <r:AttributeKey>Width</r:AttributeKey>
                                <r:AttributeValue>???</r:AttributeValue>
                            </r:ProprietaryProperty>
                            <r:ProprietaryProperty>
                                <r:AttributeKey>Decimals</r:AttributeKey>
                                <r:AttributeValue>???</r:AttributeValue>
                            </r:ProprietaryProperty>
                            <r:ProprietaryProperty>
                                <r:AttributeKey>WriteFormatType</r:AttributeKey>
                                <r:AttributeValue>???</r:AttributeValue>
                            </r:ProprietaryProperty>
                        </r:ProprietaryInfo>
                    </ddi1:DataItem>
                    <ddi1:DataItem>
                        <r:VariableReference>
                            <r:URN typeOfIdentifier="Canonical">urn:ddi:uk.closer:a1609e79-5aba-4b14-ae72-656aeccebc75:1</r:URN>
                            <r:TypeOfObject>Variable</r:TypeOfObject>
                        </r:VariableReference>
                        <r:ProprietaryInfo>
                            <r:ProprietaryProperty>
                                <r:AttributeKey>Width</r:AttributeKey>
                                <r:AttributeValue>???</r:AttributeValue>
                            </r:ProprietaryProperty>
                            <r:ProprietaryProperty>
                                <r:AttributeKey>Decimals</r:AttributeKey>
                                <r:AttributeValue>???</r:AttributeValue>
                            </r:ProprietaryProperty>
                            <r:ProprietaryProperty>
                                <r:AttributeKey>WriteFormatType</r:AttributeKey>
                                <r:AttributeValue>???</r:AttributeValue>
                            </r:ProprietaryProperty>
                        </r:ProprietaryInfo>
                    </ddi1:DataItem>
                    <ddi1:DataItem>
                        <r:VariableReference>
                            <r:URN typeOfIdentifier="Canonical">urn:ddi:uk.closer:947c2552-73cd-4f87-a63c-2a256fe38b01:1</r:URN>
                            <r:TypeOfObject>Variable</r:TypeOfObject>
                        </r:VariableReference>
                        <r:ProprietaryInfo>
                            <r:ProprietaryProperty>
                                <r:AttributeKey>Width</r:AttributeKey>
                                <r:AttributeValue>???</r:AttributeValue>
                            </r:ProprietaryProperty>
                            <r:ProprietaryProperty>
                                <r:AttributeKey>Decimals</r:AttributeKey>
                                <r:AttributeValue>???</r:AttributeValue>
                            </r:ProprietaryProperty>
                            <r:ProprietaryProperty>
                                <r:AttributeKey>WriteFormatType</r:AttributeKey>
                                <r:AttributeValue>???</r:AttributeValue>
                            </r:ProprietaryProperty>
                        </r:ProprietaryInfo>
                    </ddi1:DataItem>
                    <ddi1:DataItem>
                        <r:VariableReference>
                            <r:URN typeOfIdentifier="Canonical">urn:ddi:uk.closer:54a8ef4a-6bef-4199-9185-cc16b22548a2:1</r:URN>
                            <r:TypeOfObject>Variable</r:TypeOfObject>
                        </r:VariableReference>
                        <r:ProprietaryInfo>
                            <r:ProprietaryProperty>
                                <r:AttributeKey>Width</r:AttributeKey>
                                <r:AttributeValue>???</r:AttributeValue>
                            </r:ProprietaryProperty>
                            <r:ProprietaryProperty>
                                <r:AttributeKey>Decimals</r:AttributeKey>
                                <r:AttributeValue>???</r:AttributeValue>
                            </r:ProprietaryProperty>
                            <r:ProprietaryProperty>
                                <r:AttributeKey>WriteFormatType</r:AttributeKey>
                                <r:AttributeValue>???</r:AttributeValue>
                            </r:ProprietaryProperty>
                        </r:ProprietaryInfo>
                    </ddi1:DataItem>
                    <ddi1:DataItem>
                        <r:VariableReference>
                            <r:URN typeOfIdentifier="Canonical">urn:ddi:uk.closer:e5a8427d-f02f-4b70-b8ee-d3c063adbf6d:1</r:URN>
                            <r:TypeOfObject>Variable</r:TypeOfObject>
                        </r:VariableReference>
                        <r:ProprietaryInfo>
                            <r:ProprietaryProperty>
                                <r:AttributeKey>Width</r:AttributeKey>
                                <r:AttributeValue>???</r:AttributeValue>
                            </r:ProprietaryProperty>
                            <r:ProprietaryProperty>
                                <r:AttributeKey>Decimals</r:AttributeKey>
                                <r:AttributeValue>???</r:AttributeValue>
                            </r:ProprietaryProperty>
                            <r:ProprietaryProperty>
                                <r:AttributeKey>WriteFormatType</r:AttributeKey>
                                <r:AttributeValue>???</r:AttributeValue>
                            </r:ProprietaryProperty>
                        </r:ProprietaryInfo>
                    </ddi1:DataItem>
                    <ddi1:DataItem>
                        <r:VariableReference>
                            <r:URN typeOfIdentifier="Canonical">urn:ddi:uk.closer:761df991-7296-4fd6-a80b-242c7649d4d8:1</r:URN>
                            <r:TypeOfObject>Variable</r:TypeOfObject>
                        </r:VariableReference>
                        <r:ProprietaryInfo>
                            <r:ProprietaryProperty>
                                <r:AttributeKey>Width</r:AttributeKey>
                                <r:AttributeValue>???</r:AttributeValue>
                            </r:ProprietaryProperty>
                            <r:ProprietaryProperty>
                                <r:AttributeKey>Decimals</r:AttributeKey>
                                <r:AttributeValue>???</r:AttributeValue>
                            </r:ProprietaryProperty>
                            <r:ProprietaryProperty>
                                <r:AttributeKey>WriteFormatType</r:AttributeKey>
                                <r:AttributeValue>???</r:AttributeValue>
                            </r:ProprietaryProperty>
                        </r:ProprietaryInfo>
                    </ddi1:DataItem>
                    <ddi1:DataItem>
                        <r:VariableReference>
                            <r:URN typeOfIdentifier="Canonical">urn:ddi:uk.closer:7329ae35-602e-4251-b199-2485253fb59d:1</r:URN>
                            <r:TypeOfObject>Variable</r:TypeOfObject>
                        </r:VariableReference>
                        <r:ProprietaryInfo>
                            <r:ProprietaryProperty>
                                <r:AttributeKey>Width</r:AttributeKey>
                                <r:AttributeValue>???</r:AttributeValue>
                            </r:ProprietaryProperty>
                            <r:ProprietaryProperty>
                                <r:AttributeKey>Decimals</r:AttributeKey>
                                <r:AttributeValue>???</r:AttributeValue>
                            </r:ProprietaryProperty>
                            <r:ProprietaryProperty>
                                <r:AttributeKey>WriteFormatType</r:AttributeKey>
                                <r:AttributeValue>???</r:AttributeValue>
                            </r:ProprietaryProperty>
                        </r:ProprietaryInfo>
                    </ddi1:DataItem>
                    <ddi1:DataItem>
                        <r:VariableReference>
                            <r:URN typeOfIdentifier="Canonical">urn:ddi:uk.closer:2a27b19b-ab8f-42db-90a0-2bc24b3e3354:1</r:URN>
                            <r:TypeOfObject>Variable</r:TypeOfObject>
                        </r:VariableReference>
                        <r:ProprietaryInfo>
                            <r:ProprietaryProperty>
                                <r:AttributeKey>Width</r:AttributeKey>
                                <r:AttributeValue>???</r:AttributeValue>
                            </r:ProprietaryProperty>
                            <r:ProprietaryProperty>
                                <r:AttributeKey>Decimals</r:AttributeKey>
                                <r:AttributeValue>???</r:AttributeValue>
                            </r:ProprietaryProperty>
                            <r:ProprietaryProperty>
                                <r:AttributeKey>WriteFormatType</r:AttributeKey>
                                <r:AttributeValue>???</r:AttributeValue>
                            </r:ProprietaryProperty>
                        </r:ProprietaryInfo>
                    </ddi1:DataItem>
                </ddi1:RecordLayout>
            </p:RecordLayoutScheme>
        </p:PhysicalDataProduct>
        <pi:PhysicalInstance>
            <r:URN typeOfIdentifier="Canonical">urn:ddi:uk.closer:be4b5cf7-bae7-4b76-9ad4-ff6316c9659c:1</r:URN>
            <r:RecordLayoutReference>
                <r:URN typeOfIdentifier="Canonical">urn:ddi:uk.closer:56b4706c-251e-495b-97e8-6fd8dcb37afc:1</r:URN>
                <r:TypeOfObject>RecordLayout</r:TypeOfObject>
            </r:RecordLayoutReference>
            <pi:DataFileIdentification>
                <pi:DataFileURI>src/test/resources/test-file-data-types.dta</pi:DataFileURI>
            </pi:DataFileIdentification>
            <pi:GrossFileStructure>
                <r:URN typeOfIdentifier="Canonical">urn:ddi:uk.closer:0b6a2b4f-b8d6-46ab-9754-85ec8d1ac2ba:1</r:URN>
                <pi:CreationSoftware>
                    <r:SoftwareName>
                        <r:String xml:lang="en-GB">SPSS</r:String>
                    </r:SoftwareName>
                    <r:Description>
                        <r:Content/>
                    </r:Description>
                </pi:CreationSoftware>
                <pi:CaseQuantity>10</pi:CaseQuantity>
            </pi:GrossFileStructure>
            <pi:StatisticalSummary>
                <pi:VariableStatistics>
                    <r:URN typeOfIdentifier="Canonical">urn:ddi:uk.closer:e34edc57-d7a0-4396-83f6-e0a3ed667320:1</r:URN>
                    <r:VariableReference>
                        <r:URN typeOfIdentifier="Canonical">urn:ddi:uk.closer:a1609e79-5aba-4b14-ae72-656aeccebc75:1</r:URN>
                        <r:TypeOfObject>Variable</r:TypeOfObject>
                    </r:VariableReference>
                    <pi:SummaryStatistic>
                        <pi:TypeOfSummaryStatistic>ValidCases</pi:TypeOfSummaryStatistic>
                        <pi:Statistic isWeighted="false">3</pi:Statistic>
                    </pi:SummaryStatistic>
                    <pi:SummaryStatistic>
                        <pi:TypeOfSummaryStatistic>InvalidCases</pi:TypeOfSummaryStatistic>
                        <pi:Statistic isWeighted="false">0</pi:Statistic>
                    </pi:SummaryStatistic>
                </pi:VariableStatistics>
                <pi:VariableStatistics>
                    <r:URN typeOfIdentifier="Canonical">urn:ddi:uk.closer:93cb7037-145d-4b56-a85e-8728e57a19ca:1</r:URN>
                    <r:VariableReference>
                        <r:URN typeOfIdentifier="Canonical">urn:ddi:uk.closer:a73e4e1b-c15d-4925-8f0e-bd4450f0c996:1</r:URN>
                        <r:TypeOfObject>Variable</r:TypeOfObject>
                    </r:VariableReference>
                    <pi:SummaryStatistic>
                        <pi:TypeOfSummaryStatistic>ValidCases</pi:TypeOfSummaryStatistic>
                        <pi:Statistic isWeighted="false">3</pi:Statistic>
                    </pi:SummaryStatistic>
                    <pi:SummaryStatistic>
                        <pi:TypeOfSummaryStatistic>InvalidCases</pi:TypeOfSummaryStatistic>
                        <pi:Statistic isWeighted="false">0</pi:Statistic>
                    </pi:SummaryStatistic>
                    <pi:SummaryStatistic>
                        <pi:TypeOfSummaryStatistic>Minimum</pi:TypeOfSummaryStatistic>
                        <pi:Statistic isWeighted="false">1.0</pi:Statistic>
                    </pi:SummaryStatistic>
                    <pi:SummaryStatistic>
                        <pi:TypeOfSummaryStatistic>Maximum</pi:TypeOfSummaryStatistic>
                        <pi:Statistic isWeighted="false">3.0</pi:Statistic>
                    </pi:SummaryStatistic>
                    <pi:SummaryStatistic>
                        <pi:TypeOfSummaryStatistic>StandardDeviation</pi:TypeOfSummaryStatistic>
                        <pi:Statistic isWeighted="false">1.0</pi:Statistic>
                    </pi:SummaryStatistic>
                </pi:VariableStatistics>
                <pi:VariableStatistics>
                    <r:URN typeOfIdentifier="Canonical">urn:ddi:uk.closer:1102e3b0-291e-44b6-8100-d0f5b4640bfa:1</r:URN>
                    <r:VariableReference>
                        <r:URN typeOfIdentifier="Canonical">urn:ddi:uk.closer:fd8847f5-e4c0-40cf-9cd7-442e02988cec:1</r:URN>
                        <r:TypeOfObject>Variable</r:TypeOfObject>
                    </r:VariableReference>
                    <pi:SummaryStatistic>
                        <pi:TypeOfSummaryStatistic>ValidCases</pi:TypeOfSummaryStatistic>
                        <pi:Statistic isWeighted="false">3</pi:Statistic>
                    </pi:SummaryStatistic>
                    <pi:SummaryStatistic>
                        <pi:TypeOfSummaryStatistic>InvalidCases</pi:TypeOfSummaryStatistic>
                        <pi:Statistic isWeighted="false">0</pi:Statistic>
                    </pi:SummaryStatistic>
                    <pi:SummaryStatistic>
                        <pi:TypeOfSummaryStatistic>Minimum</pi:TypeOfSummaryStatistic>
                        <pi:Statistic isWeighted="false">1.1111</pi:Statistic>
                    </pi:SummaryStatistic>
                    <pi:SummaryStatistic>
                        <pi:TypeOfSummaryStatistic>Maximum</pi:TypeOfSummaryStatistic>
                        <pi:Statistic isWeighted="false">3.3333</pi:Statistic>
                    </pi:SummaryStatistic>
                    <pi:SummaryStatistic>
                        <pi:TypeOfSummaryStatistic>StandardDeviation</pi:TypeOfSummaryStatistic>
                        <pi:Statistic isWeighted="false">1.1111</pi:Statistic>
                    </pi:SummaryStatistic>
                </pi:VariableStatistics>
                <pi:VariableStatistics>
                    <r:URN typeOfIdentifier="Canonical">urn:ddi:uk.closer:17efd38b-fc1d-4c5d-aab2-7a17302222c5:1</r:URN>
                    <r:VariableReference>
                        <r:URN typeOfIdentifier="Canonical">urn:ddi:uk.closer:021fff14-3572-4656-96d4-c00c09b9bf49:1</r:URN>
                        <r:TypeOfObject>Variable</r:TypeOfObject>
                    </r:VariableReference>
                    <pi:SummaryStatistic>
                        <pi:TypeOfSummaryStatistic>ValidCases</pi:TypeOfSummaryStatistic>
                        <pi:Statistic isWeighted="false">3</pi:Statistic>
                    </pi:SummaryStatistic>
                    <pi:SummaryStatistic>
                        <pi:TypeOfSummaryStatistic>InvalidCases</pi:TypeOfSummaryStatistic>
                        <pi:Statistic isWeighted="false">0</pi:Statistic>
                    </pi:SummaryStatistic>
                    <pi:SummaryStatistic>
                        <pi:TypeOfSummaryStatistic>Minimum</pi:TypeOfSummaryStatistic>
                        <pi:Statistic isWeighted="false">1.11</pi:Statistic>
                    </pi:SummaryStatistic>
                    <pi:SummaryStatistic>
                        <pi:TypeOfSummaryStatistic>Maximum</pi:TypeOfSummaryStatistic>
                        <pi:Statistic isWeighted="false">3.33</pi:Statistic>
                    </pi:SummaryStatistic>
                    <pi:SummaryStatistic>
                        <pi:TypeOfSummaryStatistic>StandardDeviation</pi:TypeOfSummaryStatistic>
                        <pi:Statistic isWeighted="false">1.11</pi:Statistic>
                    </pi:SummaryStatistic>
                </pi:VariableStatistics>
                <pi:VariableStatistics>
                    <r:URN typeOfIdentifier="Canonical">urn:ddi:uk.closer:3ab574bc-8c3e-4f1b-acda-57b5d4bdaf0d:1</r:URN>
                    <r:VariableReference>
                        <r:URN typeOfIdentifier="Canonical">urn:ddi:uk.closer:0dbee9f4-fb34-497a-ba72-a3178916873f:1</r:URN>
                        <r:TypeOfObject>Variable</r:TypeOfObject>
                    </r:VariableReference>
                    <pi:SummaryStatistic>
                        <pi:TypeOfSummaryStatistic>ValidCases</pi:TypeOfSummaryStatistic>
                        <pi:Statistic isWeighted="false">3</pi:Statistic>
                    </pi:SummaryStatistic>
                    <pi:SummaryStatistic>
                        <pi:TypeOfSummaryStatistic>InvalidCases</pi:TypeOfSummaryStatistic>
                        <pi:Statistic isWeighted="false">0</pi:Statistic>
                    </pi:SummaryStatistic>
                    <pi:SummaryStatistic>
                        <pi:TypeOfSummaryStatistic>Minimum</pi:TypeOfSummaryStatistic>
                        <pi:Statistic isWeighted="false">1.11</pi:Statistic>
                    </pi:SummaryStatistic>
                    <pi:SummaryStatistic>
                        <pi:TypeOfSummaryStatistic>Maximum</pi:TypeOfSummaryStatistic>
                        <pi:Statistic isWeighted="false">3.33</pi:Statistic>
                    </pi:SummaryStatistic>
                    <pi:SummaryStatistic>
                        <pi:TypeOfSummaryStatistic>StandardDeviation</pi:TypeOfSummaryStatistic>
                        <pi:Statistic isWeighted="false">1.11</pi:Statistic>
                    </pi:SummaryStatistic>
                </pi:VariableStatistics>
                <pi:VariableStatistics>
                    <r:URN typeOfIdentifier="Canonical">urn:ddi:uk.closer:19b33e01-0a76-4ddb-8ef9-30c6bc628af1:1</r:URN>
                    <r:VariableReference>
                        <r:URN typeOfIdentifier="Canonical">urn:ddi:uk.closer:761df991-7296-4fd6-a80b-242c7649d4d8:1</r:URN>
                        <r:TypeOfObject>Variable</r:TypeOfObject>
                    </r:VariableReference>
                    <pi:SummaryStatistic>
                        <pi:TypeOfSummaryStatistic>ValidCases</pi:TypeOfSummaryStatistic>
                        <pi:Statistic isWeighted="false">3</pi:Statistic>
                    </pi:SummaryStatistic>
                    <pi:SummaryStatistic>
                        <pi:TypeOfSummaryStatistic>InvalidCases</pi:TypeOfSummaryStatistic>
                        <pi:Statistic isWeighted="false">0</pi:Statistic>
                    </pi:SummaryStatistic>
                    <pi:SummaryStatistic>
                        <pi:TypeOfSummaryStatistic>Minimum</pi:TypeOfSummaryStatistic>
                        <pi:Statistic isWeighted="false">1.11</pi:Statistic>
                    </pi:SummaryStatistic>
                    <pi:SummaryStatistic>
                        <pi:TypeOfSummaryStatistic>Maximum</pi:TypeOfSummaryStatistic>
                        <pi:Statistic isWeighted="false">3.33</pi:Statistic>
                    </pi:SummaryStatistic>
                    <pi:SummaryStatistic>
                        <pi:TypeOfSummaryStatistic>StandardDeviation</pi:TypeOfSummaryStatistic>
                        <pi:Statistic isWeighted="false">1.11</pi:Statistic>
                    </pi:SummaryStatistic>
                </pi:VariableStatistics>
                <pi:VariableStatistics>
                    <r:URN typeOfIdentifier="Canonical">urn:ddi:uk.closer:d721c298-cd34-4150-91ee-ba047513bd5b:1</r:URN>
                    <r:VariableReference>
                        <r:URN typeOfIdentifier="Canonical">urn:ddi:uk.closer:2a27b19b-ab8f-42db-90a0-2bc24b3e3354:1</r:URN>
                        <r:TypeOfObject>Variable</r:TypeOfObject>
                    </r:VariableReference>
                    <pi:SummaryStatistic>
                        <pi:TypeOfSummaryStatistic>ValidCases</pi:TypeOfSummaryStatistic>
                        <pi:Statistic isWeighted="false">3</pi:Statistic>
                    </pi:SummaryStatistic>
                    <pi:SummaryStatistic>
                        <pi:TypeOfSummaryStatistic>InvalidCases</pi:TypeOfSummaryStatistic>
                        <pi:Statistic isWeighted="false">0</pi:Statistic>
                    </pi:SummaryStatistic>
                    <pi:SummaryStatistic>
                        <pi:TypeOfSummaryStatistic>Minimum</pi:TypeOfSummaryStatistic>
                        <pi:Statistic isWeighted="false">14976.0</pi:Statistic>
                    </pi:SummaryStatistic>
                    <pi:SummaryStatistic>
                        <pi:TypeOfSummaryStatistic>Maximum</pi:TypeOfSummaryStatistic>
                        <pi:Statistic isWeighted="false">15767.0</pi:Statistic>
                    </pi:SummaryStatistic>
                    <pi:SummaryStatistic>
                        <pi:TypeOfSummaryStatistic>StandardDeviation</pi:TypeOfSummaryStatistic>
                        <pi:Statistic isWeighted="false">395.5009481657408</pi:Statistic>
                    </pi:SummaryStatistic>
                </pi:VariableStatistics>
                <pi:VariableStatistics>
                    <r:URN typeOfIdentifier="Canonical">urn:ddi:uk.closer:a2ea5f8d-e07a-484a-9aca-b38e8f689565:1</r:URN>
                    <r:VariableReference>
                        <r:URN typeOfIdentifier="Canonical">urn:ddi:uk.closer:54a8ef4a-6bef-4199-9185-cc16b22548a2:1</r:URN>
                        <r:TypeOfObject>Variable</r:TypeOfObject>
                    </r:VariableReference>
                    <pi:SummaryStatistic>
                        <pi:TypeOfSummaryStatistic>ValidCases</pi:TypeOfSummaryStatistic>
                        <pi:Statistic isWeighted="false">0</pi:Statistic>
                    </pi:SummaryStatistic>
                    <pi:SummaryStatistic>
                        <pi:TypeOfSummaryStatistic>InvalidCases</pi:TypeOfSummaryStatistic>
                        <pi:Statistic isWeighted="false">3</pi:Statistic>
                    </pi:SummaryStatistic>
                </pi:VariableStatistics>
                <pi:VariableStatistics>
                    <r:URN typeOfIdentifier="Canonical">urn:ddi:uk.closer:58f1c819-991f-47a0-ad3f-eb584983a530:1</r:URN>
                    <r:VariableReference>
                        <r:URN typeOfIdentifier="Canonical">urn:ddi:uk.closer:19271aea-353d-4ff5-b556-c97bebcc678f:1</r:URN>
                        <r:TypeOfObject>Variable</r:TypeOfObject>
                    </r:VariableReference>
                    <pi:SummaryStatistic>
                        <pi:TypeOfSummaryStatistic>ValidCases</pi:TypeOfSummaryStatistic>
                        <pi:Statistic isWeighted="false">3</pi:Statistic>
                    </pi:SummaryStatistic>
                    <pi:SummaryStatistic>
                        <pi:TypeOfSummaryStatistic>InvalidCases</pi:TypeOfSummaryStatistic>
                        <pi:Statistic isWeighted="false">0</pi:Statistic>
                    </pi:SummaryStatistic>
                    <pi:SummaryStatistic>
                        <pi:TypeOfSummaryStatistic>Minimum</pi:TypeOfSummaryStatistic>
                        <pi:Statistic isWeighted="false">14976.0</pi:Statistic>
                    </pi:SummaryStatistic>
                    <pi:SummaryStatistic>
                        <pi:TypeOfSummaryStatistic>Maximum</pi:TypeOfSummaryStatistic>
                        <pi:Statistic isWeighted="false">15887.0</pi:Statistic>
                    </pi:SummaryStatistic>
                    <pi:SummaryStatistic>
                        <pi:TypeOfSummaryStatistic>StandardDeviation</pi:TypeOfSummaryStatistic>
                        <pi:Statistic isWeighted="false">455.5000914745609</pi:Statistic>
                    </pi:SummaryStatistic>
                </pi:VariableStatistics>
                <pi:VariableStatistics>
                    <r:URN typeOfIdentifier="Canonical">urn:ddi:uk.closer:00e01905-8928-4ba5-b0ad-d2df99368051:1</r:URN>
                    <r:VariableReference>
                        <r:URN typeOfIdentifier="Canonical">urn:ddi:uk.closer:adcf2611-efca-4972-8d41-d6d75f40e7c2:1</r:URN>
                        <r:TypeOfObject>Variable</r:TypeOfObject>
                    </r:VariableReference>
                    <pi:SummaryStatistic>
                        <pi:TypeOfSummaryStatistic>ValidCases</pi:TypeOfSummaryStatistic>
                        <pi:Statistic isWeighted="false">3</pi:Statistic>
                    </pi:SummaryStatistic>
                    <pi:SummaryStatistic>
                        <pi:TypeOfSummaryStatistic>InvalidCases</pi:TypeOfSummaryStatistic>
                        <pi:Statistic isWeighted="false">0</pi:Statistic>
                    </pi:SummaryStatistic>
                    <pi:SummaryStatistic>
                        <pi:TypeOfSummaryStatistic>Minimum</pi:TypeOfSummaryStatistic>
                        <pi:Statistic isWeighted="false">61.0</pi:Statistic>
                    </pi:SummaryStatistic>
                    <pi:SummaryStatistic>
                        <pi:TypeOfSummaryStatistic>Maximum</pi:TypeOfSummaryStatistic>
                        <pi:Statistic isWeighted="false">183.0</pi:Statistic>
                    </pi:SummaryStatistic>
                    <pi:SummaryStatistic>
                        <pi:TypeOfSummaryStatistic>StandardDeviation</pi:TypeOfSummaryStatistic>
                        <pi:Statistic isWeighted="false">61.0</pi:Statistic>
                    </pi:SummaryStatistic>
                </pi:VariableStatistics>
                <pi:VariableStatistics>
                    <r:URN typeOfIdentifier="Canonical">urn:ddi:uk.closer:7159ac4b-c977-4507-890a-64374a4dd448:1</r:URN>
                    <r:VariableReference>
                        <r:URN typeOfIdentifier="Canonical">urn:ddi:uk.closer:e5a8427d-f02f-4b70-b8ee-d3c063adbf6d:1</r:URN>
                        <r:TypeOfObject>Variable</r:TypeOfObject>
                    </r:VariableReference>
                    <pi:SummaryStatistic>
                        <pi:TypeOfSummaryStatistic>ValidCases</pi:TypeOfSummaryStatistic>
                        <pi:Statistic isWeighted="false">3</pi:Statistic>
                    </pi:SummaryStatistic>
                    <pi:SummaryStatistic>
                        <pi:TypeOfSummaryStatistic>InvalidCases</pi:TypeOfSummaryStatistic>
                        <pi:Statistic isWeighted="false">0</pi:Statistic>
                    </pi:SummaryStatistic>
                    <pi:SummaryStatistic>
                        <pi:TypeOfSummaryStatistic>Minimum</pi:TypeOfSummaryStatistic>
                        <pi:Statistic isWeighted="false">14976.0</pi:Statistic>
                    </pi:SummaryStatistic>
                    <pi:SummaryStatistic>
                        <pi:TypeOfSummaryStatistic>Maximum</pi:TypeOfSummaryStatistic>
                        <pi:Statistic isWeighted="false">15767.0</pi:Statistic>
                    </pi:SummaryStatistic>
                    <pi:SummaryStatistic>
                        <pi:TypeOfSummaryStatistic>StandardDeviation</pi:TypeOfSummaryStatistic>
                        <pi:Statistic isWeighted="false">395.5009481657408</pi:Statistic>
                    </pi:SummaryStatistic>
                </pi:VariableStatistics>
                <pi:VariableStatistics>
                    <r:URN typeOfIdentifier="Canonical">urn:ddi:uk.closer:490e10ee-35ed-4f72-aafc-20b0e4acc0d4:1</r:URN>
                    <r:VariableReference>
                        <r:URN typeOfIdentifier="Canonical">urn:ddi:uk.closer:510d602c-5af0-4637-b68f-18b767d05465:1</r:URN>
                        <r:TypeOfObject>Variable</r:TypeOfObject>
                    </r:VariableReference>
                    <pi:SummaryStatistic>
                        <pi:TypeOfSummaryStatistic>ValidCases</pi:TypeOfSummaryStatistic>
                        <pi:Statistic isWeighted="false">0</pi:Statistic>
                    </pi:SummaryStatistic>
                    <pi:SummaryStatistic>
                        <pi:TypeOfSummaryStatistic>InvalidCases</pi:TypeOfSummaryStatistic>
                        <pi:Statistic isWeighted="false">3</pi:Statistic>
                    </pi:SummaryStatistic>
                </pi:VariableStatistics>
                <pi:VariableStatistics>
                    <r:URN typeOfIdentifier="Canonical">urn:ddi:uk.closer:14e6dff2-b66c-4009-b9a1-158c05c960a8:1</r:URN>
                    <r:VariableReference>
                        <r:URN typeOfIdentifier="Canonical">urn:ddi:uk.closer:947c2552-73cd-4f87-a63c-2a256fe38b01:1</r:URN>
                        <r:TypeOfObject>Variable</r:TypeOfObject>
                    </r:VariableReference>
                    <pi:SummaryStatistic>
                        <pi:TypeOfSummaryStatistic>ValidCases</pi:TypeOfSummaryStatistic>
                        <pi:Statistic isWeighted="false">0</pi:Statistic>
                    </pi:SummaryStatistic>
                    <pi:SummaryStatistic>
                        <pi:TypeOfSummaryStatistic>InvalidCases</pi:TypeOfSummaryStatistic>
                        <pi:Statistic isWeighted="false">3</pi:Statistic>
                    </pi:SummaryStatistic>
                </pi:VariableStatistics>
                <pi:VariableStatistics>
                    <r:URN typeOfIdentifier="Canonical">urn:ddi:uk.closer:657d495a-a04e-4dc3-a246-dbb8fceb9fee:1</r:URN>
                    <r:VariableReference>
                        <r:URN typeOfIdentifier="Canonical">urn:ddi:uk.closer:7329ae35-602e-4251-b199-2485253fb59d:1</r:URN>
                        <r:TypeOfObject>Variable</r:TypeOfObject>
                    </r:VariableReference>
                    <pi:SummaryStatistic>
                        <pi:TypeOfSummaryStatistic>ValidCases</pi:TypeOfSummaryStatistic>
                        <pi:Statistic isWeighted="false">0</pi:Statistic>
                    </pi:SummaryStatistic>
                    <pi:SummaryStatistic>
                        <pi:TypeOfSummaryStatistic>InvalidCases</pi:TypeOfSummaryStatistic>
                        <pi:Statistic isWeighted="false">3</pi:Statistic>
                    </pi:SummaryStatistic>
                </pi:VariableStatistics>
            </pi:StatisticalSummary>
        </pi:PhysicalInstance>
        <ddi:CategoryScheme>
            <r:URN typeOfIdentifier="Canonical">urn:ddi:uk.closer:24a1a66a-0cd9-4f56-ad49-f1fec646ca89:1</r:URN>
            <ddi:CategorySchemeName>
                <r:String/>
            </ddi:CategorySchemeName>
            <ddi:Category>
                <r:URN typeOfIdentifier="Canonical">urn:ddi:uk.closer:0513ec92-b92c-4aad-8e65-b123c5c4dbe3:1</r:URN>
                <r:Label>
                    <r:Content>November</r:Content>
                </r:Label>
            </ddi:Category>
            <ddi:Category>
                <r:URN typeOfIdentifier="Canonical">urn:ddi:uk.closer:1cfeb24b-a700-4f9f-84c8-b93f48455cd8:1</r:URN>
                <r:Label>
                    <r:Content>January</r:Content>
                </r:Label>
            </ddi:Category>
            <ddi:Category>
                <r:URN typeOfIdentifier="Canonical">urn:ddi:uk.closer:8f9894c2-0aba-4b4a-a128-20777ccdb50d:1</r:URN>
                <r:Label>
                    <r:Content>December</r:Content>
                </r:Label>
            </ddi:Category>
            <ddi:Category>
                <r:URN typeOfIdentifier="Canonical">urn:ddi:uk.closer:80091532-ba05-4f62-98a0-7eeeac56b24c:1</r:URN>
                <r:Label>
                    <r:Content>February</r:Content>
                </r:Label>
            </ddi:Category>
            <ddi:Category>
                <r:URN typeOfIdentifier="Canonical">urn:ddi:uk.closer:27200e56-c3b6-4546-9f0d-0896c2a3d3ba:1</r:URN>
                <r:Label>
                    <r:Content>March</r:Content>
                </r:Label>
            </ddi:Category>
            <ddi:Category>
                <r:URN typeOfIdentifier="Canonical">urn:ddi:uk.closer:1ec8eaf7-5c16-4644-b583-226a5fabdb58:1</r:URN>
                <r:Label>
                    <r:Content>April</r:Content>
                </r:Label>
            </ddi:Category>
            <ddi:Category>
                <r:URN typeOfIdentifier="Canonical">urn:ddi:uk.closer:77b3c822-b4c5-411f-99cc-c7570839bfb3:1</r:URN>
                <r:Label>
                    <r:Content>May</r:Content>
                </r:Label>
            </ddi:Category>
            <ddi:Category>
                <r:URN typeOfIdentifier="Canonical">urn:ddi:uk.closer:e69c264c-6fae-45ea-a87c-880f30aa15ed:1</r:URN>
                <r:Label>
                    <r:Content>June</r:Content>
                </r:Label>
            </ddi:Category>
            <ddi:Category>
                <r:URN typeOfIdentifier="Canonical">urn:ddi:uk.closer:c5c60df9-5110-4423-9ef0-e79321d13dd3:1</r:URN>
                <r:Label>
                    <r:Content>July</r:Content>
                </r:Label>
            </ddi:Category>
            <ddi:Category>
                <r:URN typeOfIdentifier="Canonical">urn:ddi:uk.closer:9c906414-03be-48c4-a426-5d6f09ad2a0c:1</r:URN>
                <r:Label>
                    <r:Content>August</r:Content>
                </r:Label>
            </ddi:Category>
            <ddi:Category>
                <r:URN typeOfIdentifier="Canonical">urn:ddi:uk.closer:0b887fb6-5cef-461b-b248-7550b9712865:1</r:URN>
                <r:Label>
                    <r:Content>September</r:Content>
                </r:Label>
            </ddi:Category>
            <ddi:Category>
                <r:URN typeOfIdentifier="Canonical">urn:ddi:uk.closer:6b65d4cc-33d6-4d4e-862f-c6ce2e9dc158:1</r:URN>
                <r:Label>
                    <r:Content>October</r:Content>
                </r:Label>
            </ddi:Category>
        </ddi:CategoryScheme>
        <ddi:CategoryScheme>
            <r:URN typeOfIdentifier="Canonical">urn:ddi:uk.closer:24a1a66a-0cd9-4f56-ad49-f1fec646ca89:1</r:URN>
            <ddi:CategorySchemeName>
                <r:String/>
            </ddi:CategorySchemeName>
            <ddi:Category>
                <r:URN typeOfIdentifier="Canonical">urn:ddi:uk.closer:1cfeb24b-a700-4f9f-84c8-b93f48455cd8:1</r:URN>
                <r:Label>
                    <r:Content>Yes</r:Content>
                </r:Label>
            </ddi:Category>
            <ddi:Category>
                <r:URN typeOfIdentifier="Canonical">urn:ddi:uk.closer:80091532-ba05-4f62-98a0-7eeeac56b24c:1</r:URN>
                <r:Label>
                    <r:Content>No</r:Content>
                </r:Label>
            </ddi:Category>
        </ddi:CategoryScheme>
        <ddi:CategoryScheme>
            <r:URN typeOfIdentifier="Canonical">urn:ddi:uk.closer:24a1a66a-0cd9-4f56-ad49-f1fec646ca89:1</r:URN>
            <ddi:CategorySchemeName>
                <r:String/>
            </ddi:CategorySchemeName>
            <ddi:Category>
                <r:URN typeOfIdentifier="Canonical">urn:ddi:uk.closer:1cfeb24b-a700-4f9f-84c8-b93f48455cd8:1</r:URN>
                <r:Label>
                    <r:Content>Oui</r:Content>
                </r:Label>
            </ddi:Category>
            <ddi:Category>
                <r:URN typeOfIdentifier="Canonical">urn:ddi:uk.closer:80091532-ba05-4f62-98a0-7eeeac56b24c:1</r:URN>
                <r:Label>
                    <r:Content>Non</r:Content>
                </r:Label>
            </ddi:Category>
            <ddi:Category>
                <r:URN typeOfIdentifier="Canonical">urn:ddi:uk.closer:3856349a-96ac-411f-a4a2-1647dd26dc54:1</r:URN>
                <r:Label>
                    <r:Content>Refused</r:Content>
                </r:Label>
            </ddi:Category>
            <ddi:Category>
                <r:URN typeOfIdentifier="Canonical">urn:ddi:uk.closer:9b37756c-8e0e-4928-adbe-4e780f56196a:1</r:URN>
                <r:Label>
                    <r:Content>Dont Know</r:Content>
                </r:Label>
            </ddi:Category>
            <ddi:Category>
                <r:URN typeOfIdentifier="Canonical">urn:ddi:uk.closer:82b1aacd-5058-4523-b4d6-89203be62622:1</r:URN>
                <r:Label>
                    <r:Content>Huh</r:Content>
                </r:Label>
            </ddi:Category>
        </ddi:CategoryScheme>
        <ddi:CategoryScheme>
            <r:URN typeOfIdentifier="Canonical">urn:ddi:uk.closer:24a1a66a-0cd9-4f56-ad49-f1fec646ca89:1</r:URN>
            <ddi:CategorySchemeName>
                <r:String/>
            </ddi:CategorySchemeName>
            <ddi:Category>
                <r:URN typeOfIdentifier="Canonical">urn:ddi:uk.closer:36fe9d8b-1b18-4926-9162-406ab7160184:1</r:URN>
                <r:Label>
                    <r:Content>Huh</r:Content>
                </r:Label>
            </ddi:Category>
            <ddi:Category>
                <r:URN typeOfIdentifier="Canonical">urn:ddi:uk.closer:1cfeb24b-a700-4f9f-84c8-b93f48455cd8:1</r:URN>
                <r:Label>
                    <r:Content>Yes</r:Content>
                </r:Label>
            </ddi:Category>
            <ddi:Category>
                <r:URN typeOfIdentifier="Canonical">urn:ddi:uk.closer:cd850800-4923-4154-8222-e8a593705112:1</r:URN>
                <r:Label>
                    <r:Content>Not applicable</r:Content>
                </r:Label>
            </ddi:Category>
            <ddi:Category>
                <r:URN typeOfIdentifier="Canonical">urn:ddi:uk.closer:80091532-ba05-4f62-98a0-7eeeac56b24c:1</r:URN>
                <r:Label>
                    <r:Content>No</r:Content>
                </r:Label>
            </ddi:Category>
            <ddi:Category>
                <r:URN typeOfIdentifier="Canonical">urn:ddi:uk.closer:1ae8dcb9-fc00-430a-b1f4-b41febaf5e6a:1</r:URN>
                <r:Label>
                    <r:Content>Refusal</r:Content>
                </r:Label>
            </ddi:Category>
            <ddi:Category>
                <r:URN typeOfIdentifier="Canonical">urn:ddi:uk.closer:e52bc0e1-b7fa-45f3-809c-24f7881bbf5b:1</r:URN>
                <r:Label>
                    <r:Content>Dont Know</r:Content>
                </r:Label>
            </ddi:Category>
        </ddi:CategoryScheme>
        <ddi:CodeListScheme>
            <r:URN typeOfIdentifier="Canonical">urn:ddi:uk.closer:5874f42f-8354-4fb7-a8cf-fae92700e3e8:1</r:URN>
            <ddi:CodeList>
                <r:URN typeOfIdentifier="Canonical">urn:ddi:uk.closer:baa6f86d-06d8-4e02-9598-32133ed25097:1</r:URN>
                <ddi:CodeListName>
                    <r:String/>
                </ddi:CodeListName>
                <ddi:Code>
                    <r:URN typeOfIdentifier="Canonical">urn:ddi:uk.closer:f101fa20-89c2-4dbf-8583-437bfacbe257:1</r:URN>
                    <r:CategoryReference>
                        <r:URN typeOfIdentifier="Canonical">urn:ddi:uk.closer:0513ec92-b92c-4aad-8e65-b123c5c4dbe3:1</r:URN>
                        <r:TypeOfObject>Category</r:TypeOfObject>
                    </r:CategoryReference>
                    <r:Value>November</r:Value>
                </ddi:Code>
                <ddi:Code>
                    <r:URN typeOfIdentifier="Canonical">urn:ddi:uk.closer:fce7650f-1724-44fe-8a1d-adc04728892d:1</r:URN>
                    <r:CategoryReference>
                        <r:URN typeOfIdentifier="Canonical">urn:ddi:uk.closer:1cfeb24b-a700-4f9f-84c8-b93f48455cd8:1</r:URN>
                        <r:TypeOfObject>Category</r:TypeOfObject>
                    </r:CategoryReference>
                    <r:Value>January</r:Value>
                </ddi:Code>
                <ddi:Code>
                    <r:URN typeOfIdentifier="Canonical">urn:ddi:uk.closer:7103a12e-c052-4d12-aa3d-8facedc3f9d5:1</r:URN>
                    <r:CategoryReference>
                        <r:URN typeOfIdentifier="Canonical">urn:ddi:uk.closer:8f9894c2-0aba-4b4a-a128-20777ccdb50d:1</r:URN>
                        <r:TypeOfObject>Category</r:TypeOfObject>
                    </r:CategoryReference>
                    <r:Value>December</r:Value>
                </ddi:Code>
                <ddi:Code>
                    <r:URN typeOfIdentifier="Canonical">urn:ddi:uk.closer:9e9cefcf-7961-410e-9493-066e97513ffe:1</r:URN>
                    <r:CategoryReference>
                        <r:URN typeOfIdentifier="Canonical">urn:ddi:uk.closer:80091532-ba05-4f62-98a0-7eeeac56b24c:1</r:URN>
                        <r:TypeOfObject>Category</r:TypeOfObject>
                    </r:CategoryReference>
                    <r:Value>February</r:Value>
                </ddi:Code>
                <ddi:Code>
                    <r:URN typeOfIdentifier="Canonical">urn:ddi:uk.closer:ce8bc8ca-37fd-4caa-a434-9e19f40c3f31:1</r:URN>
                    <r:CategoryReference>
                        <r:URN typeOfIdentifier="Canonical">urn:ddi:uk.closer:27200e56-c3b6-4546-9f0d-0896c2a3d3ba:1</r:URN>
                        <r:TypeOfObject>Category</r:TypeOfObject>
                    </r:CategoryReference>
                    <r:Value>March</r:Value>
                </ddi:Code>
                <ddi:Code>
                    <r:URN typeOfIdentifier="Canonical">urn:ddi:uk.closer:8d9efe56-63d6-457c-9b00-2575462eb251:1</r:URN>
                    <r:CategoryReference>
                        <r:URN typeOfIdentifier="Canonical">urn:ddi:uk.closer:1ec8eaf7-5c16-4644-b583-226a5fabdb58:1</r:URN>
                        <r:TypeOfObject>Category</r:TypeOfObject>
                    </r:CategoryReference>
                    <r:Value>April</r:Value>
                </ddi:Code>
                <ddi:Code>
                    <r:URN typeOfIdentifier="Canonical">urn:ddi:uk.closer:3545d374-bcd6-4e84-b29e-70cc8770ea93:1</r:URN>
                    <r:CategoryReference>
                        <r:URN typeOfIdentifier="Canonical">urn:ddi:uk.closer:77b3c822-b4c5-411f-99cc-c7570839bfb3:1</r:URN>
                        <r:TypeOfObject>Category</r:TypeOfObject>
                    </r:CategoryReference>
                    <r:Value>May</r:Value>
                </ddi:Code>
                <ddi:Code>
                    <r:URN typeOfIdentifier="Canonical">urn:ddi:uk.closer:4282bb71-a896-452b-bcab-262cef7f349b:1</r:URN>
                    <r:CategoryReference>
                        <r:URN typeOfIdentifier="Canonical">urn:ddi:uk.closer:e69c264c-6fae-45ea-a87c-880f30aa15ed:1</r:URN>
                        <r:TypeOfObject>Category</r:TypeOfObject>
                    </r:CategoryReference>
                    <r:Value>June</r:Value>
                </ddi:Code>
                <ddi:Code>
                    <r:URN typeOfIdentifier="Canonical">urn:ddi:uk.closer:4409c174-ed77-4718-9523-d67897c9c7b2:1</r:URN>
                    <r:CategoryReference>
                        <r:URN typeOfIdentifier="Canonical">urn:ddi:uk.closer:c5c60df9-5110-4423-9ef0-e79321d13dd3:1</r:URN>
                        <r:TypeOfObject>Category</r:TypeOfObject>
                    </r:CategoryReference>
                    <r:Value>July</r:Value>
                </ddi:Code>
                <ddi:Code>
                    <r:URN typeOfIdentifier="Canonical">urn:ddi:uk.closer:bd177b2d-553f-4439-b684-3cd4cfb48115:1</r:URN>
                    <r:CategoryReference>
                        <r:URN typeOfIdentifier="Canonical">urn:ddi:uk.closer:9c906414-03be-48c4-a426-5d6f09ad2a0c:1</r:URN>
                        <r:TypeOfObject>Category</r:TypeOfObject>
                    </r:CategoryReference>
                    <r:Value>August</r:Value>
                </ddi:Code>
                <ddi:Code>
                    <r:URN typeOfIdentifier="Canonical">urn:ddi:uk.closer:ce296d74-50e3-487d-99b8-88bd6ff99aa6:1</r:URN>
                    <r:CategoryReference>
                        <r:URN typeOfIdentifier="Canonical">urn:ddi:uk.closer:0b887fb6-5cef-461b-b248-7550b9712865:1</r:URN>
                        <r:TypeOfObject>Category</r:TypeOfObject>
                    </r:CategoryReference>
                    <r:Value>September</r:Value>
                </ddi:Code>
                <ddi:Code>
                    <r:URN typeOfIdentifier="Canonical">urn:ddi:uk.closer:da39420f-54f5-43ae-95a1-62cf99b1bed0:1</r:URN>
                    <r:CategoryReference>
                        <r:URN typeOfIdentifier="Canonical">urn:ddi:uk.closer:6b65d4cc-33d6-4d4e-862f-c6ce2e9dc158:1</r:URN>
                        <r:TypeOfObject>Category</r:TypeOfObject>
                    </r:CategoryReference>
                    <r:Value>October</r:Value>
                </ddi:Code>
            </ddi:CodeList>
            <ddi:CodeList>
                <r:URN typeOfIdentifier="Canonical">urn:ddi:uk.closer:baa6f86d-06d8-4e02-9598-32133ed25097:1</r:URN>
                <ddi:CodeListName>
                    <r:String/>
                </ddi:CodeListName>
                <ddi:Code>
                    <r:URN typeOfIdentifier="Canonical">urn:ddi:uk.closer:99b568b3-8a6a-4f4b-82af-3e4342756974:1</r:URN>
                    <r:CategoryReference>
                        <r:URN typeOfIdentifier="Canonical">urn:ddi:uk.closer:1cfeb24b-a700-4f9f-84c8-b93f48455cd8:1</r:URN>
                        <r:TypeOfObject>Category</r:TypeOfObject>
                    </r:CategoryReference>
                    <r:Value>Yes</r:Value>
                </ddi:Code>
                <ddi:Code>
                    <r:URN typeOfIdentifier="Canonical">urn:ddi:uk.closer:ce96dfa6-a9f9-48b5-a88d-5936da04de2f:1</r:URN>
                    <r:CategoryReference>
                        <r:URN typeOfIdentifier="Canonical">urn:ddi:uk.closer:80091532-ba05-4f62-98a0-7eeeac56b24c:1</r:URN>
                        <r:TypeOfObject>Category</r:TypeOfObject>
                    </r:CategoryReference>
                    <r:Value>No</r:Value>
                </ddi:Code>
            </ddi:CodeList>
            <ddi:CodeList>
                <r:URN typeOfIdentifier="Canonical">urn:ddi:uk.closer:baa6f86d-06d8-4e02-9598-32133ed25097:1</r:URN>
                <ddi:CodeListName>
                    <r:String/>
                </ddi:CodeListName>
                <ddi:Code>
                    <r:URN typeOfIdentifier="Canonical">urn:ddi:uk.closer:1d05210f-59c5-4013-a3f3-190d74f248a7:1</r:URN>
                    <r:CategoryReference>
                        <r:URN typeOfIdentifier="Canonical">urn:ddi:uk.closer:1cfeb24b-a700-4f9f-84c8-b93f48455cd8:1</r:URN>
                        <r:TypeOfObject>Category</r:TypeOfObject>
                    </r:CategoryReference>
                    <r:Value>Oui</r:Value>
                </ddi:Code>
                <ddi:Code>
                    <r:URN typeOfIdentifier="Canonical">urn:ddi:uk.closer:1a4902c9-2a6c-4a35-86e1-a7f260c58aa1:1</r:URN>
                    <r:CategoryReference>
                        <r:URN typeOfIdentifier="Canonical">urn:ddi:uk.closer:80091532-ba05-4f62-98a0-7eeeac56b24c:1</r:URN>
                        <r:TypeOfObject>Category</r:TypeOfObject>
                    </r:CategoryReference>
                    <r:Value>Non</r:Value>
                </ddi:Code>
                <ddi:Code>
                    <r:URN typeOfIdentifier="Canonical">urn:ddi:uk.closer:a72d2cc4-f443-4d1a-b933-588779c6c15e:1</r:URN>
                    <r:CategoryReference>
                        <r:URN typeOfIdentifier="Canonical">urn:ddi:uk.closer:3856349a-96ac-411f-a4a2-1647dd26dc54:1</r:URN>
                        <r:TypeOfObject>Category</r:TypeOfObject>
                    </r:CategoryReference>
                    <r:Value>Refused</r:Value>
                </ddi:Code>
                <ddi:Code>
                    <r:URN typeOfIdentifier="Canonical">urn:ddi:uk.closer:5d269c90-45d7-4c78-998e-becefd6ec298:1</r:URN>
                    <r:CategoryReference>
                        <r:URN typeOfIdentifier="Canonical">urn:ddi:uk.closer:9b37756c-8e0e-4928-adbe-4e780f56196a:1</r:URN>
                        <r:TypeOfObject>Category</r:TypeOfObject>
                    </r:CategoryReference>
                    <r:Value>Dont Know</r:Value>
                </ddi:Code>
                <ddi:Code>
                    <r:URN typeOfIdentifier="Canonical">urn:ddi:uk.closer:f121c5a8-5a9d-4bd7-969d-3483c7af6e7c:1</r:URN>
                    <r:CategoryReference>
                        <r:URN typeOfIdentifier="Canonical">urn:ddi:uk.closer:82b1aacd-5058-4523-b4d6-89203be62622:1</r:URN>
                        <r:TypeOfObject>Category</r:TypeOfObject>
                    </r:CategoryReference>
                    <r:Value>Huh</r:Value>
                </ddi:Code>
            </ddi:CodeList>
            <ddi:CodeList>
                <r:URN typeOfIdentifier="Canonical">urn:ddi:uk.closer:baa6f86d-06d8-4e02-9598-32133ed25097:1</r:URN>
                <ddi:CodeListName>
                    <r:String/>
                </ddi:CodeListName>
                <ddi:Code>
                    <r:URN typeOfIdentifier="Canonical">urn:ddi:uk.closer:27bccd02-4d2d-4ee7-a1b8-1750c88d60c7:1</r:URN>
                    <r:CategoryReference>
                        <r:URN typeOfIdentifier="Canonical">urn:ddi:uk.closer:36fe9d8b-1b18-4926-9162-406ab7160184:1</r:URN>
                        <r:TypeOfObject>Category</r:TypeOfObject>
                    </r:CategoryReference>
                    <r:Value>Huh</r:Value>
                </ddi:Code>
                <ddi:Code>
                    <r:URN typeOfIdentifier="Canonical">urn:ddi:uk.closer:a90b4c9e-69ec-4412-8284-77c4b79ca5f6:1</r:URN>
                    <r:CategoryReference>
                        <r:URN typeOfIdentifier="Canonical">urn:ddi:uk.closer:1cfeb24b-a700-4f9f-84c8-b93f48455cd8:1</r:URN>
                        <r:TypeOfObject>Category</r:TypeOfObject>
                    </r:CategoryReference>
                    <r:Value>Yes</r:Value>
                </ddi:Code>
                <ddi:Code>
                    <r:URN typeOfIdentifier="Canonical">urn:ddi:uk.closer:f4dcfe30-5c8c-440d-b483-4521b990f15f:1</r:URN>
                    <r:CategoryReference>
                        <r:URN typeOfIdentifier="Canonical">urn:ddi:uk.closer:cd850800-4923-4154-8222-e8a593705112:1</r:URN>
                        <r:TypeOfObject>Category</r:TypeOfObject>
                    </r:CategoryReference>
                    <r:Value>Not applicable</r:Value>
                </ddi:Code>
                <ddi:Code>
                    <r:URN typeOfIdentifier="Canonical">urn:ddi:uk.closer:dd3292e8-2b12-42ad-a437-aeff526c41b8:1</r:URN>
                    <r:CategoryReference>
                        <r:URN typeOfIdentifier="Canonical">urn:ddi:uk.closer:80091532-ba05-4f62-98a0-7eeeac56b24c:1</r:URN>
                        <r:TypeOfObject>Category</r:TypeOfObject>
                    </r:CategoryReference>
                    <r:Value>No</r:Value>
                </ddi:Code>
                <ddi:Code>
                    <r:URN typeOfIdentifier="Canonical">urn:ddi:uk.closer:bf3cad47-0d39-4546-9fe2-f72447d5b5b5:1</r:URN>
                    <r:CategoryReference>
                        <r:URN typeOfIdentifier="Canonical">urn:ddi:uk.closer:1ae8dcb9-fc00-430a-b1f4-b41febaf5e6a:1</r:URN>
                        <r:TypeOfObject>Category</r:TypeOfObject>
                    </r:CategoryReference>
                    <r:Value>Refusal</r:Value>
                </ddi:Code>
                <ddi:Code>
                    <r:URN typeOfIdentifier="Canonical">urn:ddi:uk.closer:e3f7b13e-7c72-4ff6-9cad-a7af391df2bd:1</r:URN>
                    <r:CategoryReference>
                        <r:URN typeOfIdentifier="Canonical">urn:ddi:uk.closer:e52bc0e1-b7fa-45f3-809c-24f7881bbf5b:1</r:URN>
                        <r:TypeOfObject>Category</r:TypeOfObject>
                    </r:CategoryReference>
                    <r:Value>Dont Know</r:Value>
                </ddi:Code>
            </ddi:CodeList>
        </ddi:CodeListScheme>
        <ddi:VariableScheme>
            <r:URN typeOfIdentifier="Canonical">urn:ddi:uk.closer:aa6852e5-7c55-4377-9cc2-0eeec5cc8805:1</r:URN>
            <ddi:VariableSchemeName>
                <r:String>src/test/resources/test-file-data-types.dta</r:String>
            </ddi:VariableSchemeName>
            <ddi:Variable>
                <r:URN typeOfIdentifier="Canonical">urn:ddi:uk.closer:a1609e79-5aba-4b14-ae72-656aeccebc75:1</r:URN>
                <ddi:VariableName>
                    <r:String>TestString</r:String>
                </ddi:VariableName>
                <r:Label>
                    <r:Content>String (32 characters)</r:Content>
                </r:Label>
            </ddi:Variable>
            <ddi:Variable>
                <r:URN typeOfIdentifier="Canonical">urn:ddi:uk.closer:a73e4e1b-c15d-4925-8f0e-bd4450f0c996:1</r:URN>
                <ddi:VariableName>
                    <r:String>TestInteger</r:String>
                </ddi:VariableName>
                <r:Label>
                    <r:Content>Integer</r:Content>
                </r:Label>
            </ddi:Variable>
            <ddi:Variable>
                <r:URN typeOfIdentifier="Canonical">urn:ddi:uk.closer:fd8847f5-e4c0-40cf-9cd7-442e02988cec:1</r:URN>
                <ddi:VariableName>
                    <r:String>TestDouble4dp</r:String>
                </ddi:VariableName>
                <r:Label>
                    <r:Content>Numeric 4 decimal points</r:Content>
                </r:Label>
            </ddi:Variable>
            <ddi:Variable>
                <r:URN typeOfIdentifier="Canonical">urn:ddi:uk.closer:021fff14-3572-4656-96d4-c00c09b9bf49:1</r:URN>
                <ddi:VariableName>
                    <r:String>TestDouble2dp</r:String>
                </ddi:VariableName>
                <r:Label>
                    <r:Content>Fake Currency</r:Content>
                </r:Label>
            </ddi:Variable>
            <ddi:Variable>
                <r:URN typeOfIdentifier="Canonical">urn:ddi:uk.closer:0dbee9f4-fb34-497a-ba72-a3178916873f:1</r:URN>
                <ddi:VariableName>
                    <r:String>TestCustomCurrency</r:String>
                </ddi:VariableName>
                <r:Label>
                    <r:Content>Custom Currency</r:Content>
                </r:Label>
            </ddi:Variable>
            <ddi:Variable>
                <r:URN typeOfIdentifier="Canonical">urn:ddi:uk.closer:761df991-7296-4fd6-a80b-242c7649d4d8:1</r:URN>
                <ddi:VariableName>
                    <r:String>TestRealCurrency</r:String>
                </ddi:VariableName>
                <r:Label>
                    <r:Content>Dollar</r:Content>
                </r:Label>
            </ddi:Variable>
            <ddi:Variable>
                <r:URN typeOfIdentifier="Canonical">urn:ddi:uk.closer:2a27b19b-ab8f-42db-90a0-2bc24b3e3354:1</r:URN>
                <ddi:VariableName>
                    <r:String>TestDate1</r:String>
                </ddi:VariableName>
                <r:Label>
                    <r:Content>Date dd/mmm/yy</r:Content>
                </r:Label>
            </ddi:Variable>
            <ddi:Variable>
                <r:URN typeOfIdentifier="Canonical">urn:ddi:uk.closer:54a8ef4a-6bef-4199-9185-cc16b22548a2:1</r:URN>
                <ddi:VariableName>
                    <r:String>TestDate2</r:String>
                </ddi:VariableName>
                <r:Label>
                    <r:Content>"Date Jan,Feb,Mar"</r:Content>
                </r:Label>
            </ddi:Variable>
            <ddi:Variable>
                <r:URN typeOfIdentifier="Canonical">urn:ddi:uk.closer:19271aea-353d-4ff5-b556-c97bebcc678f:1</r:URN>
                <ddi:VariableName>
                    <r:String>TestDate3</r:String>
                </ddi:VariableName>
                <r:Label>
                    <r:Content>Date Q1 2000</r:Content>
                </r:Label>
            </ddi:Variable>
            <ddi:Variable>
                <r:URN typeOfIdentifier="Canonical">urn:ddi:uk.closer:adcf2611-efca-4972-8d41-d6d75f40e7c2:1</r:URN>
                <ddi:VariableName>
                    <r:String>TestTime</r:String>
                </ddi:VariableName>
                <r:Label>
                    <r:Content>Time mm:ss</r:Content>
                </r:Label>
            </ddi:Variable>
            <ddi:Variable>
                <r:URN typeOfIdentifier="Canonical">urn:ddi:uk.closer:e5a8427d-f02f-4b70-b8ee-d3c063adbf6d:1</r:URN>
                <ddi:VariableName>
                    <r:String>TestDateTime</r:String>
                </ddi:VariableName>
                <r:Label>
                    <r:Content>DateTime dd.mm.yyyy.mm.ss</r:Content>
                </r:Label>
            </ddi:Variable>
            <ddi:Variable>
                <r:URN typeOfIdentifier="Canonical">urn:ddi:uk.closer:510d602c-5af0-4637-b68f-18b767d05465:1</r:URN>
                <ddi:VariableName>
                    <r:String>TestCodedValue1</r:String>
                </ddi:VariableName>
                <r:Label>
                    <r:Content>Coded Value basic</r:Content>
                </r:Label>
            </ddi:Variable>
            <ddi:Variable>
                <r:URN typeOfIdentifier="Canonical">urn:ddi:uk.closer:947c2552-73cd-4f87-a63c-2a256fe38b01:1</r:URN>
                <ddi:VariableName>
                    <r:String>TestCodeValue2</r:String>
                </ddi:VariableName>
                <r:Label>
                    <r:Content>Coded Value Basic plus missing</r:Content>
                </r:Label>
            </ddi:Variable>
            <ddi:Variable>
                <r:URN typeOfIdentifier="Canonical">urn:ddi:uk.closer:7329ae35-602e-4251-b199-2485253fb59d:1</r:URN>
                <ddi:VariableName>
                    <r:String>TestCodeValue3</r:String>
                </ddi:VariableName>
                <r:Label>
                    <r:Content>Coded Value Basic plus range missing</r:Content>
                </r:Label>
            </ddi:Variable>
        </ddi:VariableScheme>
    </g:ResourcePackage>
</DDIInstance>
